[2017-03-30 17:29:00] Laboration 1.INFO: Hello rwhata sick name! [] []
[2017-03-30 17:29:18] Laboration 1.INFO: Hello Oliverwhata sick name! [] []
[2017-04-06 13:21:38] Laboration 1.INFO:  [] []
[2017-04-06 14:09:11] Laboration 1.INFO:  [] []
[2017-04-06 15:29:30] Laboration 1.INFO:  [] []
[2017-04-11 11:58:44] Laboration 1.INFO:  [] []
[2017-04-11 12:02:25] Laboration 1.INFO:  [] []
[2017-04-11 12:06:02] Laboration 1.INFO:  [] []
[2017-04-11 12:16:04] Laboration 1.INFO:  [] []
[2017-04-11 12:16:53] Laboration 1.INFO: reg info about : [] []
[2017-04-11 12:22:58] Laboration 1.INFO: reg info about:  [] []
[2017-04-11 12:22:59] Laboration 1.INFO: reg info about: 5 [] []
[2017-04-11 12:23:35] Laboration 1.INFO: reg info about: 3 [] []
[2017-04-11 12:23:37] Laboration 1.INFO: reg info about: 9 [] []
[2017-04-11 12:26:08] Laboration 1.INFO: reg info about: Nattaktiv hornlöpare [] []
[2017-04-11 12:28:44] Laboration 1.INFO: reg info about: All Unicorns [] []
[2017-04-11 12:28:46] Laboration 1.INFO: reg info about: Karibisk strandponny [] []
[2017-04-11 12:36:33] Laboration 1.INFO: reg info about: Karibisk strandponny [] []
[2017-04-11 12:38:21] Laboration 1.INFO: reg info about: Karibisk strandponny [] []
[2017-04-11 12:38:55] Laboration 1.INFO: reg info about: Karibisk strandponny [] []
[2017-04-11 12:39:06] Laboration 1.INFO: reg info about: Karibisk strandponny [] []
[2017-04-11 12:39:10] Laboration 1.INFO: reg info about: All Unicorns [] []
[2017-04-11 12:40:23] Laboration 1.INFO: reg info about: Nattaktiv hornlöpare [] []
[2017-04-11 13:15:35] Laboration 1.INFO: reg info about: All Unicorns [] []
[2017-04-11 13:15:38] Laboration 1.INFO: reg info about: Transsylvansk kortsvans [] []
[2017-04-13 12:17:08] Laboration 1.INFO: reg info about: All Unicorns [] []
[2017-04-13 12:17:11] Laboration 1.INFO: reg info about: Karibisk strandponny [] []
[2017-04-13 12:22:20] Laboration 1.INFO: reg info about: All Unicorns [] []
[2017-04-13 12:22:21] Laboration 1.INFO: reg info about: Karibisk strandponny [] []
[2017-04-13 12:32:54] Laboration 1.INFO: reg info about: Karibisk strandponny [] []
[2017-04-13 12:33:05] Laboration 1.INFO: reg info about: Karibisk strandponny [] []
[2017-04-13 12:35:28] Laboration 1.INFO: reg info about: Karibisk strandponny [] []
[2017-04-13 12:48:23] Laboration 1.INFO: reg info about: All Unicorns [] []
[2017-04-13 13:00:13] Laboration 1.INFO: reg info about: All Unicorns [] []
[2017-04-13 13:00:15] Laboration 1.INFO: reg info about: Karibisk strandponny [] []
[2017-04-13 13:00:21] Laboration 1.INFO: reg info about: Karibisk strandponny [] []
[2017-04-13 13:03:13] Laboration 1.INFO: reg info about: Karibisk strandponny [] []
[2017-04-13 13:05:18] Laboration 1.INFO: reg info about: Karibisk strandponny [] []
[2017-04-13 13:05:24] Laboration 1.INFO: reg info about: Transsylvansk kortsvans [] []
[2017-04-13 13:05:28] Laboration 1.INFO: reg info about: Indisk enhörning [] []
[2017-04-13 13:05:43] Laboration 1.INFO: reg info about: All Unicorns [] []
[2017-04-13 13:05:44] Laboration 1.INFO: reg info about: Småväxt enhörning [] []
[2017-04-13 13:05:44] Laboration 1.INFO: reg info about: All Unicorns [] []
[2017-04-13 13:06:25] Laboration 1.INFO: reg info about: Småväxt enhörning [] []
[2017-04-13 13:07:23] Laboration 1.INFO: reg info about: Småväxt enhörning [] []
[2017-04-13 13:07:35] Laboration 1.INFO: reg info about: Nordsvensk travhörning [] []
[2017-04-13 13:09:11] Laboration 1.INFO: reg info about: Grekisk pegasusmix [] []
[2017-04-13 13:09:23] Laboration 1.INFO: reg info about: Mulfläckad enhörning [] []
[2017-04-13 13:11:47] Laboration 1.INFO: reg info about: Mulfläckad enhörning [] []
[2017-04-13 13:12:14] Laboration 1.INFO: reg info about: Mulfläckad enhörning [] []
